TEST --compile true tests/promises/hashtable/mk-hashtable-is.lsts
Expected: ''
Actual: 'Compilation Error: First type variable k occurence: Sized<String>
Second type variable k occurence: String
Type variables k not equal in call to .bind
Function: Arrow<Cons<Cons<CaseNumber<0> + Field::data<SparseOwnedData<Tuple<HashtableRowExists,k,v>>[]> + Hashtable<k,v> + LMStruct + MustRelease + MustRetain + Phi::State<MustRelease::ToRelease<Linear<Phi::Live>>> + Sized<Hashtable<k,v>>,k>,v>,CaseNumber<0> + Field::data<SparseOwnedData<Tuple<HashtableRowExists,k,v>>[]> + Hashtable<k,v> + LMStruct + MustRelease + MustRetain + Phi::State<MustRelease::ToRelease<Linear<Phi::Live>>> + Sized<Hashtable<k,v>>>
Arguments: Cons<Cons<CaseNumber<0> + CaseNumber<0> + Field::data<SparseOwnedData<Tuple<HashtableRowExists,Sized<String>,C<"char">[]>>[]> + Field::data<SparseOwnedData<Tuple<HashtableRowExists,Sized<String>,C<"char">[]>>[]> + Hashtable<Sized<String>,C<"char">[]> + LMStruct + LMStruct + MustRelease + MustRelease + MustRetain + MustRetain + Phi::Id<"uuid__5fbe000000000000"> + Phi::State<MustRelease::ToRelease<Linear<Phi::Live>>> + Sized<Hashtable<Sized<String>,C<"char">[]>> + Sized<Hashtable<Sized<String>,C<"char">[]>>,CaseNumber<0> + CaseNumber<0> + Field::data<OwnedData<U8>[]> + Field::data<OwnedData<U8>[]> + Field::end-offset<USize> + Field::end-offset<USize> + Field::start-offset<USize> + Field::start-offset<USize> + LMStruct + LMStruct + MustRelease + MustRelease + MustRetain + MustRetain + Phi::Id<"uuid__00ce000000000000"> + Phi::State<MustRelease::ToRelease<Linear<Phi::Live>>> + Sized<String> + Sized<String> + String>,C<"char">[] + Constant + Literal>
Return Hint: ?

In File tests/promises/hashtable/mk-hashtable-is.lsts Line 11 Column 8'
TEST --compile true tests/promises/lm-ascript/ascript-integrated.lsts
Expected: ''
Actual: 'Compilation Error: First type variable k occurence: Sized<AST>
Second type variable k occurence: AST
Type variables k not equal in call to .lookup
Function: Arrow<Cons<Cons<CaseNumber<0> + Field::data<SparseOwnedData<Tuple<HashtableRowExists,k,v>>[]> + Hashtable<k,v> + LMStruct + MustRelease + MustRetain + Phi::State<MustRelease::ToRelease<Linear<Phi::Live>>> + Sized<Hashtable<k,v>>,k>,v>,v>
Arguments: Cons<Cons<CaseNumber<0> + CaseNumber<0> + Field::data<SparseOwnedData<Tuple<HashtableRowExists,Sized<AST>,Type>>[]> + Field::data<SparseOwnedData<Tuple<HashtableRowExists,Sized<AST>,Type>>[]> + Hashtable<Sized<AST>,Type> + LMStruct + LMStruct + MustRelease + MustRelease + MustRetain + MustRetain + Phi::Id<"uuid__00bf800000000000"> + Phi::State<MustRelease::ToRelease<Linear<Phi::Live>>> + Sized<Hashtable<Sized<AST>,Type>> + Sized<Hashtable<Sized<AST>,Type>>,AST + DefaultFormattable + DefaultFormattable + LMStruct + LMStruct + MustRelease + MustRelease + MustRetain + MustRetain + Phi::Id<"uuid__b0bf800000000000"> + Phi::State<MustRelease::ToRelease<Linear<Phi::Live>>> + Sized<AST> + Sized<AST>>,LMStruct + LMStruct + MustRelease + MustRelease + MustRetain + MustRetain + Phi::Id<"uuid__e0bf800000000000"> + Phi::State<MustRelease::ToRelease<Linear<Phi::Live>>> + Sized<Type> + Sized<Type> + Type>
Return Hint: ?

In File LM23COMMON/ascript-type-index.lsts Line 10 Column 59'
TEST --compile true tests/promises/lm-ascript/ascript.lsts
Expected: ''
Actual: 'Compilation Error: First type variable k occurence: Sized<AST>
Second type variable k occurence: AST
Type variables k not equal in call to .lookup
Function: Arrow<Cons<Cons<CaseNumber<0> + Field::data<SparseOwnedData<Tuple<HashtableRowExists,k,v>>[]> + Hashtable<k,v> + LMStruct + MustRelease + MustRetain + Phi::State<MustRelease::ToRelease<Linear<Phi::Live>>> + Sized<Hashtable<k,v>>,k>,v>,v>
Arguments: Cons<Cons<CaseNumber<0> + CaseNumber<0> + Field::data<SparseOwnedData<Tuple<HashtableRowExists,Sized<AST>,Type>>[]> + Field::data<SparseOwnedData<Tuple<HashtableRowExists,Sized<AST>,Type>>[]> + Hashtable<Sized<AST>,Type> + LMStruct + LMStruct + MustRelease + MustRelease + MustRetain + MustRetain + Phi::Id<"uuid__859f800000000000"> + Phi::State<MustRelease::ToRelease<Linear<Phi::Live>>> + Sized<Hashtable<Sized<AST>,Type>> + Sized<Hashtable<Sized<AST>,Type>>,AST + DefaultFormattable + DefaultFormattable + LMStruct + LMStruct + MustRelease + MustRelease + MustRetain + MustRetain + Phi::Id<"uuid__369f800000000000"> + Phi::State<MustRelease::ToRelease<Linear<Phi::Live>>> + Sized<AST> + Sized<AST>>,LMStruct + LMStruct + MustRelease + MustRelease + MustRetain + MustRetain + Phi::Id<"uuid__669f800000000000"> + Phi::State<MustRelease::ToRelease<Linear<Phi::Live>>> + Sized<Type> + Sized<Type> + Type>
Return Hint: ?

In File LM23COMMON/ascript-type-index.lsts Line 10 Column 59'
TEST --compile true tests/promises/lm-ascript/concrete.lsts
Expected: ''
Actual: 'Compilation Error: First type variable k occurence: Sized<AST>
Second type variable k occurence: AST
Type variables k not equal in call to .lookup
Function: Arrow<Cons<Cons<CaseNumber<0> + Field::data<SparseOwnedData<Tuple<HashtableRowExists,k,v>>[]> + Hashtable<k,v> + LMStruct + MustRelease + MustRetain + Phi::State<MustRelease::ToRelease<Linear<Phi::Live>>> + Sized<Hashtable<k,v>>,k>,v>,v>
Arguments: Cons<Cons<CaseNumber<0> + CaseNumber<0> + Field::data<SparseOwnedData<Tuple<HashtableRowExists,Sized<AST>,Type>>[]> + Field::data<SparseOwnedData<Tuple<HashtableRowExists,Sized<AST>,Type>>[]> + Hashtable<Sized<AST>,Type> + LMStruct + LMStruct + MustRelease + MustRelease + MustRetain + MustRetain + Phi::Id<"uuid__49ff800000000000"> + Phi::State<MustRelease::ToRelease<Linear<Phi::Live>>> + Sized<Hashtable<Sized<AST>,Type>> + Sized<Hashtable<Sized<AST>,Type>>,AST + DefaultFormattable + DefaultFormattable + LMStruct + LMStruct + MustRelease + MustRelease + MustRetain + MustRetain + Phi::Id<"uuid__f9ff800000000000"> + Phi::State<MustRelease::ToRelease<Linear<Phi::Live>>> + Sized<AST> + Sized<AST>>,LMStruct + LMStruct + MustRelease + MustRelease + MustRetain + MustRetain + Phi::Id<"uuid__2aff800000000000"> + Phi::State<MustRelease::ToRelease<Linear<Phi::Live>>> + Sized<Type> + Sized<Type> + Type>
Return Hint: ?

In File LM23COMMON/ascript-type-index.lsts Line 10 Column 59'
TEST --compile true tests/promises/vector/constructor.lsts
Expected: ''
Actual: 'Compilation Error: First type variable t occurence: U64
Second type variable t occurence: U8
Type variables t not equal in call to .push
Function: Arrow<Cons<CaseNumber<0> + Field::data<OwnedData<t>[]> + LMStruct + MustRelease + MustRetain + Phi::State<MustRelease::ToRelease<Linear<Phi::Live>>> + Sized<Vector<t>> + Vector<t>,t>,CaseNumber<0> + Field::data<OwnedData<t>[]> + LMStruct + MustRelease + MustRetain + Phi::State<MustRelease::ToRelease<Linear<Phi::Live>>> + Sized<Vector<t>> + Vector<t>>
Arguments: Cons<CaseNumber<0> + CaseNumber<0> + Field::data<OwnedData<U64>[]> + Field::data<OwnedData<U64>[]> + LMStruct + LMStruct + MustRelease + MustRelease + MustRetain + MustRetain + Phi::Id<"uuid__540f000000000000"> + Phi::State<MustRelease::ToRelease<Linear<Phi::Live>>> + Sized<Vector<U64>> + Sized<Vector<U64>> + Vector<U64>,C<"int"> + C<"int"> + C<"size_t"> + C<"size_t"> + C<"size_t"> + Constant + I64 + I64 + Literal + Sized<I64> + Sized<I64> + Sized<I64> + Sized<U64> + Sized<U64> + Sized<U64> + Sized<U64> + Sized<U8> + Sized<U8> + Sized<USize> + Sized<USize> + Sized<USize> + U64 + U64 + U64 + U8 + USize + USize>
Return Hint: ?

In File tests/promises/vector/constructor.lsts Line 10 Column 24
